Name                                           Stmts   Miss  Cover   Missing
----------------------------------------------------------------------------
src/reservation_system/__init__.py                 0      0   100%
src/reservation_system/models.py                  30      0   100%
src/reservation_system/repository.py              28      0   100%
src/reservation_system/services.py                56      7    88%   31, 50-52, 59, 101, 105
src/reservation_system/storage.py                 96      6    94%   44, 47-49, 78-79
tests/__init__.py                                  0      0   100%
tests/conftest.py                                  5      0   100%
tests/helpers.py                                   4      0   100%
tests/test_models.py                              20      0   100%
tests/test_repository.py                          35      0   100%
tests/test_services.py                            98      0   100%
tests/test_storage.py                             32      0   100%
tests/test_storage_customers_reservations.py      19      0   100%
tests/test_storage_error_messages.py              16      0   100%
----------------------------------------------------------------------------
TOTAL                                            439     13    97%
